<?xml version="1.0" encoding="UTF-8"?>
<!-- Generated by org.testng.reporters.JUnitXMLReporter -->
<testsuite ignored="1" hostname="DEV" failures="0" tests="2" name="TestNG Demo" time="0.047" errors="0" timestamp="2025-09-10T18:19:12 IST">
  <testcase classname="TestNG.IncludeExclude" name="loginTest" time="0.004"/>
  <testcase classname="TestNG.IncludeExclude" name="registrationTest" time="0.0"/>
  <testcase classname="TestNG.IncludeExclude" name="logoutTest" time="0.0">
    <ignored/>
  </testcase> <!-- logoutTest -->
</testsuite> <!-- TestNG Demo -->
