<?xml version="1.0" encoding="UTF-8"?>
<testng-results ignored="1" total="3" passed="2" failed="0" skipped="0">
  <reporter-output>
  </reporter-output>
  <suite started-at="2025-09-10T18:19:12 IST" name="Include Exclude Testing" finished-at="2025-09-10T18:19:12 IST" duration-ms="47">
    <groups>
    </groups>
    <test started-at="2025-09-10T18:19:12 IST" name="TestNG Demo" finished-at="2025-09-10T18:19:12 IST" duration-ms="47">
      <class name="TestNG.IncludeExclude">
        <test-method signature="loginTest()[pri:0, instance:TestNG.IncludeExclude@1dd02175]" started-at="2025-09-10T18:19:12 IST" name="loginTest" finished-at="2025-09-10T18:19:12 IST" duration-ms="4" status="PASS">
          <reporter-output>
          </reporter-output>
        </test-method> <!-- loginTest -->
        <test-method signature="registrationTest()[pri:0, instance:TestNG.IncludeExclude@1dd02175]" started-at="2025-09-10T18:19:12 IST" name="registrationTest" finished-at="2025-09-10T18:19:12 IST" duration-ms="0" status="PASS">
          <reporter-output>
          </reporter-output>
        </test-method> <!-- registrationTest -->
      </class> <!-- TestNG.IncludeExclude -->
    </test> <!-- TestNG Demo -->
  </suite> <!-- Include Exclude Testing -->
</testng-results>
